<?xml version="1.0" encoding="UTF-8"?>
<!-- Generated by org.testng.reporters.JUnitXMLReporter -->
<testsuite hostname="DPL5880" name="FrontStream-Edge" tests="1" failures="0" timestamp="3 Oct 2017 16:37:50 GMT" time="8.421" errors="0">
  <testcase name="@AfterClass afterClass" time="0.0" classname="TD.scripts.SSOTest">
    <failure type="java.lang.NullPointerException">
      <![CDATA[java.lang.NullPointerException
	at com.automation.accelerators.TestEngineWeb.afterClass(TestEngineWeb.java:241)
... Removed 24 stack frames]]>
    </failure>
  </testcase> <!-- @AfterClass afterClass -->
  <testcase name="TestSSO" time="0.0" classname="TD.scripts.SSOTest">
    <skipped/>
  </testcase> <!-- TestSSO -->
</testsuite> <!-- FrontStream-Edge -->
