<?xml version="1.0" encoding="UTF-8"?>
<!-- Generated by org.testng.reporters.JUnitXMLReporter -->
<testsuite hostname="DPL5880" name="FrontStream-Chrome" tests="1" failures="0" timestamp="29 Nov 2017 12:53:07 GMT" time="104.548" errors="0">
  <testcase name="@AfterClass afterClass" time="0.0" classname="TD.scripts.TD_BecomeClient">
    <failure type="java.lang.NullPointerException">
      <![CDATA[java.lang.NullPointerException
	at com.automation.accelerators.TestEngineWeb.afterClass(TestEngineWeb.java:241)
... Removed 24 stack frames]]>
    </failure>
  </testcase> <!-- @AfterClass afterClass -->
  <testcase name="SubmitBecomeClient" time="76.623" classname="TD.scripts.TD_BecomeClient"/>
</testsuite> <!-- FrontStream-Chrome -->
