<?xml version="1.0" encoding="UTF-8"?>
<!-- Generated by org.testng.reporters.JUnitXMLReporter -->
<testsuite hostname="DPL5880" name="FrontStream-Firefox" tests="1" failures="0" timestamp="22 Sep 2017 14:30:07 GMT" time="47.865" errors="0">
  <testcase name="@BeforeClass beforeClass" time="0.0" classname="Frontstream.scripts.CMAdminLogin">
    <failure type="org.openqa.selenium.WebDriverException" message="Failed to connect to binary FirefoxBinary(C:\Program Files\Mozilla Firefox\firefox.exe) on port 7055; process output follows: 
erimentProvider
1506090562457	addons.manager	DEBUG	Provider finished startup: PreviousExperimentProvider
1506090562458	DeferredSave.extensions.json	DEBUG	Starting write
1506090562480	DeferredSave.extensions.json	DEBUG	Write succeeded
1506090562483	DeferredSave.addons.json	DEBUG	Starting write
1506090562497	DeferredSave.addons.json	DEBUG	Write succeeded
1506090563352	addons.manager	DEBUG	Starting provider: &amp;lt;unnamed-provider&amp;gt;
1506090563353	addons.manager	DEBUG	Registering shutdown blocker for &amp;lt;unnamed-provider&amp;gt;
1506090563353	addons.manager	DEBUG	Provider finished startup: &amp;lt;unnamed-provider&amp;gt;
1506090563355	addons.xpi	INFO	Mapping fxdriver@googlecode.com to C:\Users\SANDEE~1.VAD\AppData\Local\Temp\anonymous3838568721964617595webdriver-profile\extensions\fxdriver@googlecode.com
1506090563356	addons.xpi	DEBUG	Ignoring file entry whose name is not a valid add-on ID: C:\Users\SANDEE~1.VAD\AppData\Local\Temp\anonymous3838568721964617595webdriver-profile\extensions\webdriver-staging
1506090563356	addons.xpi	DEBUG	Existing add-on fxdriver@googlecode.com in app-profile
1506090563356	addons.xpi	INFO	Mapping aushelper@mozilla.org to C:\Program Files\Mozilla Firefox\browser\features\aushelper@mozilla.org.xpi
1506090563357	addons.xpi	INFO	Mapping clicktoplay-rollout@mozilla.org to C:\Program Files\Mozilla Firefox\browser\features\clicktoplay-rollout@mozilla.org.xpi
1506090563357	addons.xpi	INFO	Mapping e10srollout@mozilla.org to C:\Program Files\Mozilla Firefox\browser\features\e10srollout@mozilla.org.xpi
1506090563358	addons.xpi	INFO	Mapping firefox@getpocket.com to C:\Program Files\Mozilla Firefox\browser\features\firefox@getpocket.com.xpi
1506090563358	addons.xpi	INFO	Mapping followonsearch@mozilla.com to C:\Program Files\Mozilla Firefox\browser\features\followonsearch@mozilla.com.xpi
1506090563359	addons.xpi	INFO	Mapping screenshots@mozilla.org to C:\Program Files\Mozilla Firefox\browser\features\screenshots@mozilla.org.xpi
1506090563359	addons.xpi	INFO	Mapping shield-recipe-client@mozilla.org to C:\Program Files\Mozilla Firefox\browser\features\shield-recipe-client@mozilla.org.xpi
1506090563359	addons.xpi	INFO	Mapping webcompat@mozilla.org to C:\Program Files\Mozilla Firefox\browser\features\webcompat@mozilla.org.xpi
1506090563359	addons.xpi	DEBUG	Existing add-on aushelper@mozilla.org in app-system-defaults
1506090563360	addons.xpi	DEBUG	Existing add-on clicktoplay-rollout@mozilla.org in app-system-defaults
1506090563360	addons.xpi	DEBUG	Existing add-on e10srollout@mozilla.org in app-system-defaults
1506090563360	addons.xpi	DEBUG	Existing add-on firefox@getpocket.com in app-system-defaults
1506090563361	addons.xpi	DEBUG	Existing add-on followonsearch@mozilla.com in app-system-defaults
1506090563361	addons.xpi	DEBUG	Existing add-on screenshots@mozilla.org in app-system-defaults
1506090563361	addons.xpi	DEBUG	Existing add-on shield-recipe-client@mozilla.org in app-system-defaults
1506090563362	addons.xpi	DEBUG	Existing add-on webcompat@mozilla.org in app-system-defaults
1506090563363	addons.xpi	INFO	Mapping {972ce4c6-7e08-4474-a285-3208198ce6fd} to C:\Program Files\Mozilla Firefox\browser\extensions\{972ce4c6-7e08-4474-a285-3208198ce6fd}.xpi
1506090563363	addons.xpi	DEBUG	Existing add-on {972ce4c6-7e08-4474-a285-3208198ce6fd} in app-global
1506090563363	addons.xpi	DEBUG	getInstallState changed: false, state: {}
1506090563451	addons.productaddons	INFO	sending request to: https://aus5.mozilla.org/update/3/GMP/55.0.3/20170824053622/WINNT_x86_64-msvc-x64/en-US/release/Windows_NT%2010.0.0.0%20(x64)/default/default/update.xml
1506090564521	addons.productaddons	INFO	Completed downloading document
1506090565023	addons.productaddons	INFO	downloadXHR File download. status=200
1506090565030	addons.productaddons	INFO	Downloaded file will be saved to C:\Users\SANDEE~1.VAD\AppData\Local\Temp\tmpaddon-907f31
1506090566535	addons.productaddons	INFO	downloadXHR File download. status=200
1506090566541	addons.productaddons	INFO	Downloaded file will be saved to C:\Users\SANDEE~1.VAD\AppData\Local\Temp\tmpaddon-280760

Build info: version: &amp;apos;2.53.1&amp;apos;, revision: &amp;apos;a36b8b1&amp;apos;, time: &amp;apos;2016-06-30 17:37:09&amp;apos;
System info: host: &amp;apos;DPL5880&amp;apos;, ip: &amp;apos;172.16.2.72&amp;apos;, os.name: &amp;apos;Windows 10&amp;apos;, os.arch: &amp;apos;amd64&amp;apos;, os.version: &amp;apos;10.0&amp;apos;, java.version: &amp;apos;1.8.0_144&amp;apos;
Driver info: driver.version: FirefoxDriver">
      <![CDATA[org.openqa.selenium.WebDriverException: Failed to connect to binary FirefoxBinary(C:\Program Files\Mozilla Firefox\firefox.exe) on port 7055; process output follows: 
erimentProvider
1506090562457	addons.manager	DEBUG	Provider finished startup: PreviousExperimentProvider
1506090562458	DeferredSave.extensions.json	DEBUG	Starting write
1506090562480	DeferredSave.extensions.json	DEBUG	Write succeeded
1506090562483	DeferredSave.addons.json	DEBUG	Starting write
1506090562497	DeferredSave.addons.json	DEBUG	Write succeeded
1506090563352	addons.manager	DEBUG	Starting provider: <unnamed-provider>
1506090563353	addons.manager	DEBUG	Registering shutdown blocker for <unnamed-provider>
1506090563353	addons.manager	DEBUG	Provider finished startup: <unnamed-provider>
1506090563355	addons.xpi	INFO	Mapping fxdriver@googlecode.com to C:\Users\SANDEE~1.VAD\AppData\Local\Temp\anonymous3838568721964617595webdriver-profile\extensions\fxdriver@googlecode.com
1506090563356	addons.xpi	DEBUG	Ignoring file entry whose name is not a valid add-on ID: C:\Users\SANDEE~1.VAD\AppData\Local\Temp\anonymous3838568721964617595webdriver-profile\extensions\webdriver-staging
1506090563356	addons.xpi	DEBUG	Existing add-on fxdriver@googlecode.com in app-profile
1506090563356	addons.xpi	INFO	Mapping aushelper@mozilla.org to C:\Program Files\Mozilla Firefox\browser\features\aushelper@mozilla.org.xpi
1506090563357	addons.xpi	INFO	Mapping clicktoplay-rollout@mozilla.org to C:\Program Files\Mozilla Firefox\browser\features\clicktoplay-rollout@mozilla.org.xpi
1506090563357	addons.xpi	INFO	Mapping e10srollout@mozilla.org to C:\Program Files\Mozilla Firefox\browser\features\e10srollout@mozilla.org.xpi
1506090563358	addons.xpi	INFO	Mapping firefox@getpocket.com to C:\Program Files\Mozilla Firefox\browser\features\firefox@getpocket.com.xpi
1506090563358	addons.xpi	INFO	Mapping followonsearch@mozilla.com to C:\Program Files\Mozilla Firefox\browser\features\followonsearch@mozilla.com.xpi
1506090563359	addons.xpi	INFO	Mapping screenshots@mozilla.org to C:\Program Files\Mozilla Firefox\browser\features\screenshots@mozilla.org.xpi
1506090563359	addons.xpi	INFO	Mapping shield-recipe-client@mozilla.org to C:\Program Files\Mozilla Firefox\browser\features\shield-recipe-client@mozilla.org.xpi
1506090563359	addons.xpi	INFO	Mapping webcompat@mozilla.org to C:\Program Files\Mozilla Firefox\browser\features\webcompat@mozilla.org.xpi
1506090563359	addons.xpi	DEBUG	Existing add-on aushelper@mozilla.org in app-system-defaults
1506090563360	addons.xpi	DEBUG	Existing add-on clicktoplay-rollout@mozilla.org in app-system-defaults
1506090563360	addons.xpi	DEBUG	Existing add-on e10srollout@mozilla.org in app-system-defaults
1506090563360	addons.xpi	DEBUG	Existing add-on firefox@getpocket.com in app-system-defaults
1506090563361	addons.xpi	DEBUG	Existing add-on followonsearch@mozilla.com in app-system-defaults
1506090563361	addons.xpi	DEBUG	Existing add-on screenshots@mozilla.org in app-system-defaults
1506090563361	addons.xpi	DEBUG	Existing add-on shield-recipe-client@mozilla.org in app-system-defaults
1506090563362	addons.xpi	DEBUG	Existing add-on webcompat@mozilla.org in app-system-defaults
1506090563363	addons.xpi	INFO	Mapping {972ce4c6-7e08-4474-a285-3208198ce6fd} to C:\Program Files\Mozilla Firefox\browser\extensions\{972ce4c6-7e08-4474-a285-3208198ce6fd}.xpi
1506090563363	addons.xpi	DEBUG	Existing add-on {972ce4c6-7e08-4474-a285-3208198ce6fd} in app-global
1506090563363	addons.xpi	DEBUG	getInstallState changed: false, state: {}
1506090563451	addons.productaddons	INFO	sending request to: https://aus5.mozilla.org/update/3/GMP/55.0.3/20170824053622/WINNT_x86_64-msvc-x64/en-US/release/Windows_NT%2010.0.0.0%20(x64)/default/default/update.xml
1506090564521	addons.productaddons	INFO	Completed downloading document
1506090565023	addons.productaddons	INFO	downloadXHR File download. status=200
1506090565030	addons.productaddons	INFO	Downloaded file will be saved to C:\Users\SANDEE~1.VAD\AppData\Local\Temp\tmpaddon-907f31
1506090566535	addons.productaddons	INFO	downloadXHR File download. status=200
1506090566541	addons.productaddons	INFO	Downloaded file will be saved to C:\Users\SANDEE~1.VAD\AppData\Local\Temp\tmpaddon-280760

Build info: version: '2.53.1', revision: 'a36b8b1', time: '2016-06-30 17:37:09'
System info: host: 'DPL5880', ip: '172.16.2.72', os.name: 'Windows 10', os.arch: 'amd64', os.version: '10.0', java.version: '1.8.0_144'
Driver info: driver.version: FirefoxDriver
	at org.openqa.selenium.firefox.internal.NewProfileExtensionConnection.start(NewProfileExtensionConnection.java:124)
	at org.openqa.selenium.firefox.FirefoxDriver.startClient(FirefoxDriver.java:271)
	at org.openqa.selenium.remote.RemoteWebDriver.<init>(RemoteWebDriver.java:119)
	at org.openqa.selenium.firefox.FirefoxDriver.<init>(FirefoxDriver.java:218)
	at org.openqa.selenium.firefox.FirefoxDriver.<init>(FirefoxDriver.java:211)
	at org.openqa.selenium.firefox.FirefoxDriver.<init>(FirefoxDriver.java:207)
	at org.openqa.selenium.firefox.FirefoxDriver.<init>(FirefoxDriver.java:120)
	at com.automation.accelerators.TestEngineWeb.setWebDriverForLocal(TestEngineWeb.java:339)
	at com.automation.accelerators.TestEngineWeb.beforeClass(TestEngineWeb.java:172)
Caused by: org.openqa.selenium.firefox.NotConnectedException: Unable to connect to host 127.0.0.1 on port 7055 after 45000 ms. Firefox console output:
erimentProvider
1506090562457	addons.manager	DEBUG	Provider finished startup: PreviousExperimentProvider
1506090562458	DeferredSave.extensions.json	DEBUG	Starting write
1506090562480	DeferredSave.extensions.json	DEBUG	Write succeeded
1506090562483	DeferredSave.addons.json	DEBUG	Starting write
1506090562497	DeferredSave.addons.json	DEBUG	Write succeeded
1506090563352	addons.manager	DEBUG	Starting provider: <unnamed-provider>
1506090563353	addons.manager	DEBUG	Registering shutdown blocker for <unnamed-provider>
1506090563353	addons.manager	DEBUG	Provider finished startup: <unnamed-provider>
1506090563355	addons.xpi	INFO	Mapping fxdriver@googlecode.com to C:\Users\SANDEE~1.VAD\AppData\Local\Temp\anonymous3838568721964617595webdriver-profile\extensions\fxdriver@googlecode.com
1506090563356	addons.xpi	DEBUG	Ignoring file entry whose name is not a valid add-on ID: C:\Users\SANDEE~1.VAD\AppData\Local\Temp\anonymous3838568721964617595webdriver-profile\extensions\webdriver-staging
1506090563356	addons.xpi	DEBUG	Existing add-on fxdriver@googlecode.com in app-profile
1506090563356	addons.xpi	INFO	Mapping aushelper@mozilla.org to C:\Program Files\Mozilla Firefox\browser\features\aushelper@mozilla.org.xpi
1506090563357	addons.xpi	INFO	Mapping clicktoplay-rollout@mozilla.org to C:\Program Files\Mozilla Firefox\browser\features\clicktoplay-rollout@mozilla.org.xpi
1506090563357	addons.xpi	INFO	Mapping e10srollout@mozilla.org to C:\Program Files\Mozilla Firefox\browser\features\e10srollout@mozilla.org.xpi
1506090563358	addons.xpi	INFO	Mapping firefox@getpocket.com to C:\Program Files\Mozilla Firefox\browser\features\firefox@getpocket.com.xpi
1506090563358	addons.xpi	INFO	Mapping followonsearch@mozilla.com to C:\Program Files\Mozilla Firefox\browser\features\followonsearch@mozilla.com.xpi
1506090563359	addons.xpi	INFO	Mapping screenshots@mozilla.org to C:\Program Files\Mozilla Firefox\browser\features\screenshots@mozilla.org.xpi
1506090563359	addons.xpi	INFO	Mapping shield-recipe-client@mozilla.org to C:\Program Files\Mozilla Firefox\browser\features\shield-recipe-client@mozilla.org.xpi
1506090563359	addons.xpi	INFO	Mapping webcompat@mozilla.org to C:\Program Files\Mozilla Firefox\browser\features\webcompat@mozilla.org.xpi
1506090563359	addons.xpi	DEBUG	Existing add-on aushelper@mozilla.org in app-system-defaults
1506090563360	addons.xpi	DEBUG	Existing add-on clicktoplay-rollout@mozilla.org in app-system-defaults
1506090563360	addons.xpi	DEBUG	Existing add-on e10srollout@mozilla.org in app-system-defaults
1506090563360	addons.xpi	DEBUG	Existing add-on firefox@getpocket.com in app-system-defaults
1506090563361	addons.xpi	DEBUG	Existing add-on followonsearch@mozilla.com in app-system-defaults
1506090563361	addons.xpi	DEBUG	Existing add-on screenshots@mozilla.org in app-system-defaults
1506090563361	addons.xpi	DEBUG	Existing add-on shield-recipe-client@mozilla.org in app-system-defaults
1506090563362	addons.xpi	DEBUG	Existing add-on webcompat@mozilla.org in app-system-defaults
1506090563363	addons.xpi	INFO	Mapping {972ce4c6-7e08-4474-a285-3208198ce6fd} to C:\Program Files\Mozilla Firefox\browser\extensions\{972ce4c6-7e08-4474-a285-3208198ce6fd}.xpi
1506090563363	addons.xpi	DEBUG	Existing add-on {972ce4c6-7e08-4474-a285-3208198ce6fd} in app-global
1506090563363	addons.xpi	DEBUG	getInstallState changed: false, state: {}
1506090563451	addons.productaddons	INFO	sending request to: https://aus5.mozilla.org/update/3/GMP/55.0.3/20170824053622/WINNT_x86_64-msvc-x64/en-US/release/Windows_NT%2010.0.0.0%20(x64)/default/default/update.xml
1506090564521	addons.productaddons	INFO	Completed downloading document
1506090565023	addons.productaddons	INFO	downloadXHR File download. status=200
1506090565030	addons.productaddons	INFO	Downloaded file will be saved to C:\Users\SANDEE~1.VAD\AppData\Local\Temp\tmpaddon-907f31
1506090566535	addons.productaddons	INFO	downloadXHR File download. status=200
1506090566541	addons.productaddons	INFO	Downloaded file will be saved to C:\Users\SANDEE~1.VAD\AppData\Local\Temp\tmpaddon-280760

	at org.openqa.selenium.firefox.internal.NewProfileExtensionConnection.start(NewProfileExtensionConnection.java:112)
	... 32 more
... Removed 24 stack frames]]>
    </failure>
  </testcase> <!-- @BeforeClass beforeClass -->
  <testcase name="@BeforeMethod beforeMethod" time="0.0" classname="Frontstream.scripts.CMAdminLogin">
    <failure type="java.lang.NullPointerException">
      <![CDATA[java.lang.NullPointerException
	at com.automation.accelerators.TestEngineWeb.beforeMethod(TestEngineWeb.java:217)
... Removed 26 stack frames]]>
    </failure>
  </testcase> <!-- @BeforeMethod beforeMethod -->
  <testcase name="@AfterMethod afterMethod" time="0.0" classname="Frontstream.scripts.CMAdminLogin">
    <failure type="java.lang.NullPointerException">
      <![CDATA[java.lang.NullPointerException
	at com.automation.accelerators.TestEngineWeb.afterMethod(TestEngineWeb.java:264)
... Removed 26 stack frames]]>
    </failure>
  </testcase> <!-- @AfterMethod afterMethod -->
  <testcase name="@AfterClass afterClass" time="0.0" classname="Frontstream.scripts.CMAdminLogin">
    <failure type="java.lang.NullPointerException">
      <![CDATA[java.lang.NullPointerException
	at com.automation.accelerators.TestEngineWeb.afterClass(TestEngineWeb.java:236)
... Removed 24 stack frames]]>
    </failure>
  </testcase> <!-- @AfterClass afterClass -->
  <testcase name="adminlogin" time="0.001" classname="Frontstream.scripts.CMAdminLogin">
    <skipped/>
  </testcase> <!-- adminlogin -->
</testsuite> <!-- FrontStream-Firefox -->
