<?xml version="1.0" encoding="UTF-8"?>
<testsuite xmlns:xsi="http://www.w3.org/2001/XMLSchema-instance" xsi:noNamespaceSchemaLocation="https://maven.apache.org/surefire/maven-surefire-plugin/xsd/surefire-test-report.xsd" name="TestSuite" time="1.865" tests="5" errors="0" skipped="1" failures="4">
  <properties>
[...]
</properties>
  <testcase name="beforeClass" classname="TD.scripts.TD_BecomeClient" time="1.306">
    <failure message="com.google.common.util.concurrent.SimpleTimeLimiter.create(Ljava/util/concurrent/ExecutorService;)Lcom/google/common/util/concurrent/SimpleTimeLimiter;" type="java.lang.NoSuchMethodError">java.lang.NoSuchMethodError: com.google.common.util.concurrent.SimpleTimeLimiter.create(Ljava/util/concurrent/ExecutorService;)Lcom/google/common/util/concurrent/SimpleTimeLimiter;
</failure>
    <system-err><![CDATA[log4j:WARN No such property [datePattern] in org.apache.log4j.FileAppender.
]]></system-err>
  </testcase>
  <testcase name="beforeMethod" classname="TD.scripts.TD_BecomeClient" time="1.321">
    <failure type="java.lang.NullPointerException">java.lang.NullPointerException
</failure>
    <system-out><![CDATA[2
[[Ljava.lang.String;@446a1e84
]]></system-out>
  </testcase>
  <testcase name="SubmitBecomeClient" classname="TD.scripts.TD_BecomeClient" time="0">
    <skipped/>
  </testcase>
  <testcase name="afterMethod" classname="TD.scripts.TD_BecomeClient" time="0">
    <failure type="java.lang.NullPointerException">java.lang.NullPointerException
</failure>
  </testcase>
  <testcase name="afterClass" classname="TD.scripts.TD_BecomeClient" time="0">
    <failure type="java.lang.NullPointerException">java.lang.NullPointerException
</failure>
  </testcase>
</testsuite>